<?xml version="1.0" encoding="UTF-8"?>
<testng-results ignored="0" total="1" passed="1" failed="0" skipped="0">
  <reporter-output>
    <line>
      <![CDATA[Medicine has been ordered]]>
    </line>
  </reporter-output>
  <suite started-at="2025-10-31T13:25:25 IST" name="Suite" finished-at="2025-10-31T13:25:25 IST" duration-ms="99">
    <groups>
    </groups>
    <test started-at="2025-10-31T13:25:25 IST" name="Test" finished-at="2025-10-31T13:25:25 IST" duration-ms="99">
      <class name="com.apollo247.testscript.PharmacyModule">
        <test-method signature="orderMedicine()[pri:0, instance:com.apollo247.testscript.PharmacyModule@409bf450]" started-at="2025-10-31T13:25:25 IST" name="orderMedicine" finished-at="2025-10-31T13:25:25 IST" duration-ms="21" status="PASS">
          <reporter-output>
            <line>
              <![CDATA[Medicine has been ordered]]>
            </line>
          </reporter-output>
        </test-method> <!-- orderMedicine -->
      </class> <!-- com.apollo247.testscript.PharmacyModule -->
    </test> <!-- Test -->
  </suite> <!-- Suite -->
</testng-results>
