<?xml version="1.0" encoding="UTF-8"?>
<testng-results ignored="0" total="2" passed="2" failed="0" skipped="0">
  <reporter-output>
    <line>
      <![CDATA[Medicine has been ordered]]>
    </line>
  </reporter-output>
  <suite started-at="2025-11-01T12:29:58 IST" name="Suite" finished-at="2025-11-01T12:30:07 IST" duration-ms="9296">
    <groups>
    </groups>
    <test started-at="2025-11-01T12:29:58 IST" name="TestA" finished-at="2025-11-01T12:29:58 IST" duration-ms="61">
      <class name="com.apollo247.testscript.PharmacyModule">
        <test-method signature="orderMedicine()[pri:0, instance:com.apollo247.testscript.PharmacyModule@409bf450]" started-at="2025-11-01T12:29:58 IST" name="orderMedicine" finished-at="2025-11-01T12:29:58 IST" duration-ms="10" status="PASS">
          <reporter-output>
            <line>
              <![CDATA[Medicine has been ordered]]>
            </line>
          </reporter-output>
        </test-method> <!-- orderMedicine -->
      </class> <!-- com.apollo247.testscript.PharmacyModule -->
    </test> <!-- TestA -->
    <test started-at="2025-11-01T12:29:58 IST" name="TestB" finished-at="2025-11-01T12:30:07 IST" duration-ms="9139">
      <class name="com.apollo247.testscript.GetFbTitle">
        <test-method signature="getFbTitle()[pri:0, instance:com.apollo247.testscript.GetFbTitle@dd05255]" started-at="2025-11-01T12:29:58 IST" name="getFbTitle" finished-at="2025-11-01T12:30:07 IST" duration-ms="9134" status="PASS">
          <reporter-output>
          </reporter-output>
        </test-method> <!-- getFbTitle -->
      </class> <!-- com.apollo247.testscript.GetFbTitle -->
    </test> <!-- TestB -->
  </suite> <!-- Suite -->
</testng-results>
